Using pre-set license
Built from 'trunk' branch; Version is '6000.0.16f1 (ae37dbaefed8) revision 11417563'; Using compiler version '193933523'; Build Type 'Release'
OS: 'Windows 11  (10.0.22631) 64bit Professional' Language: 'ko' Physical Memory: 65456 MB
BatchMode: 1, IsHumanControllingUs: 0, StartBugReporterOnCrash: 0, Is64bit: 1, IsPro: 1

COMMAND LINE ARGUMENTS:
C:\Program Files\Unity\Hub\Editor\6000.0.16f1\Editor\Unity.exe
-adb2
-batchMode
-noUpm
-name
AssetImportWorker4
-projectPath
C:/GitKraken/MVL-TEMP2
-logFile
Logs/AssetImportWorker4.log
-srvPort
59117
-job-worker-count
11
-background-job-worker-count
8
-asset-garbage-collectors
1
Successfully changed project path to: C:/GitKraken/MVL-TEMP2
C:/GitKraken/MVL-TEMP2
[UnityMemory] Configuration Parameters - Can be set up in boot.config
    "memorysetup-bucket-allocator-granularity=16"
    "memorysetup-bucket-allocator-bucket-count=8"
    "memorysetup-bucket-allocator-block-size=33554432"
    "memorysetup-bucket-allocator-block-count=8"
    "memorysetup-main-allocator-block-size=16777216"
    "memorysetup-thread-allocator-block-size=16777216"
    "memorysetup-gfx-main-allocator-block-size=16777216"
    "memorysetup-gfx-thread-allocator-block-size=16777216"
    "memorysetup-cache-allocator-block-size=4194304"
    "memorysetup-typetree-allocator-block-size=2097152"
    "memorysetup-profiler-bucket-allocator-granularity=16"
    "memorysetup-profiler-bucket-allocator-bucket-count=8"
    "memorysetup-profiler-bucket-allocator-block-size=33554432"
    "memorysetup-profiler-bucket-allocator-block-count=8"
    "memorysetup-profiler-allocator-block-size=16777216"
    "memorysetup-profiler-editor-allocator-block-size=1048576"
    "memorysetup-temp-allocator-size-main=16777216"
    "memorysetup-job-temp-allocator-block-size=2097152"
    "memorysetup-job-temp-allocator-block-size-background=1048576"
    "memorysetup-job-temp-allocator-reduction-small-platforms=262144"
    "memorysetup-allocator-temp-initial-block-size-main=262144"
    "memorysetup-allocator-temp-initial-block-size-worker=262144"
    "memorysetup-temp-allocator-size-background-worker=32768"
    "memorysetup-temp-allocator-size-job-worker=262144"
    "memorysetup-temp-allocator-size-preload-manager=33554432"
    "memorysetup-temp-allocator-size-nav-mesh-worker=65536"
    "memorysetup-temp-allocator-size-audio-worker=65536"
    "memorysetup-temp-allocator-size-cloud-worker=32768"
    "memorysetup-temp-allocator-size-gi-baking-worker=262144"
    "memorysetup-temp-allocator-size-gi-baking-worker=262144"
    "memorysetup-temp-allocator-size-gi-baking-worker=262144"
    "memorysetup-temp-allocator-size-gi-baking-worker=262144"
    "memorysetup-temp-allocator-size-gi-baking-worker=262144"
    "memorysetup-temp-allocator-size-gfx=262144"
Player connection [35416]  Target information:

Player connection [35416]  * "[IP] 192.168.0.2 [Port] 0 [Flags] 2 [Guid] 1006729206 [EditorId] 1006729206 [Version] 1048832 [Id] WindowsEditor(7,RM6) [Debug] 1 [PackageName] WindowsEditor [ProjectName] Editor" 

Player connection [35416] Host joined multi-casting on [225.0.0.222:54997]...
Player connection [35416] Host joined alternative multi-casting on [225.0.0.222:34997]...
JobSystem: Creating JobQueue using job-worker-count value 11
Library Redirect Path: Library/
[PhysX] Initialized MultithreadedTaskDispatcher with 12 workers.
Refreshing native plugins compatible for Editor in 2.22 ms, found 3 plugins.
Preloading 0 native plugins for Editor in 0.00 ms.
Initialize engine version: 6000.0.16f1 (ae37dbaefed8)
[Subsystems] Discovering subsystems at path C:/Program Files/Unity/Hub/Editor/6000.0.16f1/Editor/Data/Resources/UnitySubsystems
[Subsystems] Discovering subsystems at path C:/GitKraken/MVL-TEMP2/Assets
GfxDevice: creating device client; kGfxThreadingModeNonThreaded
Direct3D:
    Version:  Direct3D 11.0 [level 11.1]
    Renderer: NVIDIA GeForce RTX 3070 (ID=0x2484)
    Vendor:   NVIDIA
    VRAM:     8018 MB
    Driver:   32.0.15.5612
Initialize mono
Mono path[0] = 'C:/Program Files/Unity/Hub/Editor/6000.0.16f1/Editor/Data/Managed'
Mono path[1] = 'C:/Program Files/Unity/Hub/Editor/6000.0.16f1/Editor/Data/MonoBleedingEdge/lib/mono/unityjit-win32'
Mono config path = 'C:/Program Files/Unity/Hub/Editor/6000.0.16f1/Editor/Data/MonoBleedingEdge/etc'
Using monoOptions --debugger-agent=transport=dt_socket,embedding=1,server=y,suspend=n,address=127.0.0.1:56948
Begin MonoManager ReloadAssembly
Registering precompiled unity dll's ...
Register platform support module: C:/Program Files/Unity/Hub/Editor/6000.0.16f1/Editor/Data/PlaybackEngines/WindowsStandaloneSupport/UnityEditor.WindowsStandalone.Extensions.dll
Registered in 0.003168 seconds.
- Loaded All Assemblies, in  0.439 seconds
Native extension for WindowsStandalone target not found
Mono: successfully reloaded assembly
- Finished resetting the current domain, in  0.423 seconds
Domain Reload Profiling: 858ms
	BeginReloadAssembly (152ms)
		ExecutionOrderSort (0ms)
		DisableScriptedObjects (0ms)
		BackupInstance (0ms)
		ReleaseScriptingObjects (0ms)
		CreateAndSetChildDomain (1ms)
	RebuildCommonClasses (42ms)
	RebuildNativeTypeToScriptingClass (15ms)
	initialDomainReloadingComplete (54ms)
	LoadAllAssembliesAndSetupDomain (172ms)
		LoadAssemblies (148ms)
		RebuildTransferFunctionScriptingTraits (0ms)
		AnalyzeDomain (169ms)
			TypeCache.Refresh (167ms)
				TypeCache.ScanAssembly (151ms)
			BuildScriptInfoCaches (0ms)
			ResolveRequiredComponents (0ms)
	FinalizeReload (423ms)
		ReleaseScriptCaches (0ms)
		RebuildScriptCaches (0ms)
		SetupLoadedEditorAssemblies (372ms)
			LogAssemblyErrors (0ms)
			InitializePlatformSupportModulesInManaged (29ms)
			SetLoadedEditorAssemblies (5ms)
			BeforeProcessingInitializeOnLoad (6ms)
			ProcessInitializeOnLoadAttributes (242ms)
			ProcessInitializeOnLoadMethodAttributes (87ms)
			AfterProcessingInitializeOnLoad (3ms)
			EditorAssembliesLoaded (0ms)
		ExecutionOrderSort2 (0ms)
		AwakeInstancesAfterBackupRestoration (0ms)
========================================================================
Worker process is ready to serve import requests
Import Worker Mode flag is 0x00
Begin MonoManager ReloadAssembly
- Loaded All Assemblies, in  1.145 seconds
Refreshing native plugins compatible for Editor in 0.96 ms, found 3 plugins.
Native extension for WindowsStandalone target not found
The project currently uses the compatibility mode where the Render Graph API is disabled. Support for this mode will be removed in future Unity versions. Migrate existing ScriptableRenderPasses to the new RenderGraph API. After the migration, disable the compatibility mode in Edit > Projects Settings > Graphics > Render Graph.
UnityEngine.Debug:ExtractStackTraceNoAlloc (byte*,int,string)
UnityEngine.StackTraceUtility:ExtractStackTrace ()
UnityEngine.DebugLogHandler:Internal_Log (UnityEngine.LogType,UnityEngine.LogOption,string,UnityEngine.Object)
UnityEngine.DebugLogHandler:LogFormat (UnityEngine.LogType,UnityEngine.Object,string,object[])
UnityEngine.Logger:Log (UnityEngine.LogType,object)
UnityEngine.Debug:LogWarning (object)
UnityEngine.Rendering.Universal.WarnUsingNonRenderGraph:EmitConsoleWarning () (at ./Library/PackageCache/com.unity.render-pipelines.universal/Runtime/Data/UniversalRenderPipelineAsset.cs:427)
System.Reflection.RuntimeMethodInfo:Invoke (object,System.Reflection.BindingFlags,System.Reflection.Binder,object[],System.Globalization.CultureInfo)
System.Reflection.MethodBase:Invoke (object,object[])
UnityEditor.EditorAssemblies:ProcessInitializeOnLoadMethodAttributes ()

(Filename: ./Library/PackageCache/com.unity.render-pipelines.universal/Runtime/Data/UniversalRenderPipelineAsset.cs Line: 427)

Mono: successfully reloaded assembly
- Finished resetting the current domain, in  0.890 seconds
Domain Reload Profiling: 2028ms
	BeginReloadAssembly (470ms)
		ExecutionOrderSort (0ms)
		DisableScriptedObjects (6ms)
		BackupInstance (0ms)
		ReleaseScriptingObjects (0ms)
		CreateAndSetChildDomain (39ms)
	RebuildCommonClasses (55ms)
	RebuildNativeTypeToScriptingClass (14ms)
	initialDomainReloadingComplete (45ms)
	LoadAllAssembliesAndSetupDomain (555ms)
		LoadAssemblies (394ms)
		RebuildTransferFunctionScriptingTraits (0ms)
		AnalyzeDomain (276ms)
			TypeCache.Refresh (198ms)
				TypeCache.ScanAssembly (180ms)
			BuildScriptInfoCaches (64ms)
			ResolveRequiredComponents (11ms)
	FinalizeReload (890ms)
		ReleaseScriptCaches (0ms)
		RebuildScriptCaches (0ms)
		SetupLoadedEditorAssemblies (626ms)
			LogAssemblyErrors (0ms)
			InitializePlatformSupportModulesInManaged (2ms)
			SetLoadedEditorAssemblies (5ms)
			BeforeProcessingInitializeOnLoad (79ms)
			ProcessInitializeOnLoadAttributes (447ms)
			ProcessInitializeOnLoadMethodAttributes (83ms)
			AfterProcessingInitializeOnLoad (10ms)
			EditorAssembliesLoaded (0ms)
		ExecutionOrderSort2 (0ms)
		AwakeInstancesAfterBackupRestoration (7ms)
Launched and connected shader compiler UnityShaderCompiler.exe after 0.01 seconds
Refreshing native plugins compatible for Editor in 1.70 ms, found 3 plugins.
Preloading 0 native plugins for Editor in 0.00 ms.
Unloading 200 Unused Serialized files (Serialized files now loaded: 0)
Unloading 5910 unused Assets / (4.2 MB). Loaded Objects now: 6664.
Memory consumption went from 187.2 MB to 183.0 MB.
Total: 13.158200 ms (FindLiveObjects: 1.184000 ms CreateObjectMapping: 0.527900 ms MarkObjects: 7.756100 ms  DeleteObjects: 3.687300 ms)

========================================================================
Received Import Request.
  Time since last request: 426108.674552 seconds.
  path: Assets/DefaultVolumeProfile.asset
  artifactKey: Guid(a7f414bd6a235e64580ade63b3d73950) Importer(2089858483,3d70f49cd1c2eb9ae422958d1c652c6b)
Start importing Assets/DefaultVolumeProfile.asset using Guid(a7f414bd6a235e64580ade63b3d73950) Importer(2089858483,3d70f49cd1c2eb9ae422958d1c652c6b) (ScriptedImporter)[PhysX] Initialized MultithreadedTaskDispatcher with 12 workers.
 -> (artifact id: '8e3ce9a581e9525ea8b52484c3aaf7bb') in 0.2051588 seconds
Number of updated asset objects reloaded before import = 0Number of asset objects unloaded after import = 0

========================================================================
Received Import Request.
  Time since last request: 0.000027 seconds.
  path: Assets/polygonTrees/polygonTrees/prefabs/tree/DryTrees/dryPurpleTree Variant.prefab
  artifactKey: Guid(eb484bc6289da1631ac007cafa331375) Importer(2089858483,3d70f49cd1c2eb9ae422958d1c652c6b)
Start importing Assets/polygonTrees/polygonTrees/prefabs/tree/DryTrees/dryPurpleTree Variant.prefab using Guid(eb484bc6289da1631ac007cafa331375) Importer(2089858483,3d70f49cd1c2eb9ae422958d1c652c6b) (ScriptedImporter)[PhysX] Initialized MultithreadedTaskDispatcher with 12 workers.
 -> (artifact id: '0bc2923912534be02fe36993b708ba28') in 0.0457128 seconds
Number of updated asset objects reloaded before import = 0Number of asset objects unloaded after import = 14

========================================================================
Received Import Request.
  Time since last request: 0.000055 seconds.
  path: Assets/immigration/material/PICO_PAY_emissive.jpg
  artifactKey: Guid(69086f2272a970f40a8c012c08455d86) Importer(2089858483,192608db42251d675da83286b1cce702)
Start importing Assets/immigration/material/PICO_PAY_emissive.jpg using Guid(69086f2272a970f40a8c012c08455d86) Importer(2089858483,192608db42251d675da83286b1cce702) (ScriptedImporter)[PhysX] Initialized MultithreadedTaskDispatcher with 12 workers.
 -> (artifact id: '6523948320350e9117fa8896b389a81e') in 0.1961929 seconds
Number of updated asset objects reloaded before import = 0Number of asset objects unloaded after import = 1

========================================================================
Received Import Request.
  Time since last request: 0.000056 seconds.
  path: Assets/polygonTrees/polygonTrees/prefabs/tree/trees/meshCollider/bigLeavesTree Variant.prefab
  artifactKey: Guid(ec34882ba31489d06961bd32786a0806) Importer(2089858483,3d70f49cd1c2eb9ae422958d1c652c6b)
Start importing Assets/polygonTrees/polygonTrees/prefabs/tree/trees/meshCollider/bigLeavesTree Variant.prefab using Guid(ec34882ba31489d06961bd32786a0806) Importer(2089858483,3d70f49cd1c2eb9ae422958d1c652c6b) (ScriptedImporter)[PhysX] Initialized MultithreadedTaskDispatcher with 12 workers.
 -> (artifact id: '988936208d0dd3719b6bca9c0e980115') in 0.0342599 seconds
Number of updated asset objects reloaded before import = 0Number of asset objects unloaded after import = 15

========================================================================
Received Import Request.
  Time since last request: 0.000044 seconds.
  path: Assets/Settings/URP-Balanced-Renderer.asset
  artifactKey: Guid(e634585d5c4544dd297acaee93dc2beb) Importer(2089858483,192608db42251d675da83286b1cce702)
Start importing Assets/Settings/URP-Balanced-Renderer.asset using Guid(e634585d5c4544dd297acaee93dc2beb) Importer(2089858483,192608db42251d675da83286b1cce702) (ScriptedImporter)[PhysX] Initialized MultithreadedTaskDispatcher with 12 workers.
 -> (artifact id: '60e428e056772ec52c4d818a7bb3d065') in 0.0793663 seconds
Number of updated asset objects reloaded before import = 0Number of asset objects unloaded after import = 2

========================================================================
Received Import Request.
  Time since last request: 0.000036 seconds.
  path: Assets/immigration/material/M_baggageclaim.mat
  artifactKey: Guid(fe6e275f1f48dd240a944bc2c7231df0) Importer(2089858483,192608db42251d675da83286b1cce702)
Start importing Assets/immigration/material/M_baggageclaim.mat using Guid(fe6e275f1f48dd240a944bc2c7231df0) Importer(2089858483,192608db42251d675da83286b1cce702) (ScriptedImporter)[PhysX] Initialized MultithreadedTaskDispatcher with 12 workers.
 -> (artifact id: '6e0ee79b97f39e4889da38f63131dea6') in 0.0428647 seconds
Number of updated asset objects reloaded before import = 0Number of asset objects unloaded after import = 2

========================================================================
Received Import Request.
  Time since last request: 0.000023 seconds.
  path: Assets/polygonTrees/polygonTrees/prefabs/tree/trees/simpleTree Variant.prefab
  artifactKey: Guid(e021f2107856b97978976612624c27b8) Importer(2089858483,3d70f49cd1c2eb9ae422958d1c652c6b)
Start importing Assets/polygonTrees/polygonTrees/prefabs/tree/trees/simpleTree Variant.prefab using Guid(e021f2107856b97978976612624c27b8) Importer(2089858483,3d70f49cd1c2eb9ae422958d1c652c6b) (ScriptedImporter)[PhysX] Initialized MultithreadedTaskDispatcher with 12 workers.
 -> (artifact id: '6cb69f5fc4ec80c9dd9d0a638c7902a6') in 0.0216457 seconds
Number of updated asset objects reloaded before import = 0Number of asset objects unloaded after import = 15

========================================================================
Received Import Request.
  Time since last request: 0.000039 seconds.
  path: Assets/Scenes/immigration/Global Volume Profile.asset
  artifactKey: Guid(94b2149f11bb2b44cadb68610a7157cd) Importer(2089858483,3d70f49cd1c2eb9ae422958d1c652c6b)
Start importing Assets/Scenes/immigration/Global Volume Profile.asset using Guid(94b2149f11bb2b44cadb68610a7157cd) Importer(2089858483,3d70f49cd1c2eb9ae422958d1c652c6b) (ScriptedImporter)[PhysX] Initialized MultithreadedTaskDispatcher with 12 workers.
 -> (artifact id: '8ad4f9d53474594f05c43cfa10278de3') in 0.0184684 seconds
Number of updated asset objects reloaded before import = 0Number of asset objects unloaded after import = 3

========================================================================
Received Import Request.
  Time since last request: 0.000021 seconds.
  path: Assets/immigration/material/M_desk.mat
  artifactKey: Guid(992466798a58e9a4b80ed4e3b575521e) Importer(2089858483,192608db42251d675da83286b1cce702)
Start importing Assets/immigration/material/M_desk.mat using Guid(992466798a58e9a4b80ed4e3b575521e) Importer(2089858483,192608db42251d675da83286b1cce702) (ScriptedImporter)[PhysX] Initialized MultithreadedTaskDispatcher with 12 workers.
 -> (artifact id: 'dba7718dd0b11bfd98e85ee5a0358576') in 0.029281 seconds
Number of updated asset objects reloaded before import = 0Number of asset objects unloaded after import = 6

========================================================================
Received Import Request.
  Time since last request: 0.000032 seconds.
  path: Assets/Flight/FBX/flightchair3-610.fbx
  artifactKey: Guid(84d50592d61b4244d96510b55de1044a) Importer(2089858483,192608db42251d675da83286b1cce702)
Start importing Assets/Flight/FBX/flightchair3-610.fbx using Guid(84d50592d61b4244d96510b55de1044a) Importer(2089858483,192608db42251d675da83286b1cce702) (ScriptedImporter)[PhysX] Initialized MultithreadedTaskDispatcher with 12 workers.
 -> (artifact id: '79966d9bea10441563d1a6117c50f7d7') in 0.4968656 seconds
Number of updated asset objects reloaded before import = 0Number of asset objects unloaded after import = 524

========================================================================
Received Import Request.
  Time since last request: 0.000064 seconds.
  path: Assets/Flight/material/M_smalllightmetal.mat
  artifactKey: Guid(3361e2b12d08b2e45937b7f28cd11b1c) Importer(2089858483,192608db42251d675da83286b1cce702)
Start importing Assets/Flight/material/M_smalllightmetal.mat using Guid(3361e2b12d08b2e45937b7f28cd11b1c) Importer(2089858483,192608db42251d675da83286b1cce702) (ScriptedImporter)[PhysX] Initialized MultithreadedTaskDispatcher with 12 workers.
 -> (artifact id: 'f810f22a2b07ed82aeb763530445c5c4') in 0.0313951 seconds
Number of updated asset objects reloaded before import = 0Number of asset objects unloaded after import = 1

========================================================================
Received Import Request.
  Time since last request: 0.000048 seconds.
  path: Assets/Flight/material/chair/M_charge.mat
  artifactKey: Guid(eed4f4c3fe92db84fbddddbc9e388b4e) Importer(2089858483,192608db42251d675da83286b1cce702)
Start importing Assets/Flight/material/chair/M_charge.mat using Guid(eed4f4c3fe92db84fbddddbc9e388b4e) Importer(2089858483,192608db42251d675da83286b1cce702) (ScriptedImporter)[PhysX] Initialized MultithreadedTaskDispatcher with 12 workers.
 -> (artifact id: 'a323c0d77c7bfc30bac0b99b7fbdc80a') in 0.0218856 seconds
Number of updated asset objects reloaded before import = 0Number of asset objects unloaded after import = 1

========================================================================
Received Import Request.
  Time since last request: 0.000029 seconds.
  path: Assets/Flight/material/chair/M_chairfabric4.mat
  artifactKey: Guid(a27bc004d46933842bcbf3e9ce545de8) Importer(2089858483,192608db42251d675da83286b1cce702)
Start importing Assets/Flight/material/chair/M_chairfabric4.mat using Guid(a27bc004d46933842bcbf3e9ce545de8) Importer(2089858483,192608db42251d675da83286b1cce702) (ScriptedImporter)[PhysX] Initialized MultithreadedTaskDispatcher with 12 workers.
 -> (artifact id: '09f17a4723a91729cf355bae01036b5a') in 0.0237671 seconds
Number of updated asset objects reloaded before import = 0Number of asset objects unloaded after import = 3

========================================================================
Received Import Request.
  Time since last request: 0.000024 seconds.
  path: Assets/Flight/material/ceiling/M_handle.mat
  artifactKey: Guid(1727f0183ac7c5247a881f385cdeca9e) Importer(2089858483,192608db42251d675da83286b1cce702)
Start importing Assets/Flight/material/ceiling/M_handle.mat using Guid(1727f0183ac7c5247a881f385cdeca9e) Importer(2089858483,192608db42251d675da83286b1cce702) (ScriptedImporter)[PhysX] Initialized MultithreadedTaskDispatcher with 12 workers.
 -> (artifact id: '03ccb9cf15f06c8b81c4c79e5260a6b1') in 0.0274202 seconds
Number of updated asset objects reloaded before import = 0Number of asset objects unloaded after import = 3

========================================================================
Received Import Request.
  Time since last request: 0.000035 seconds.
  path: Assets/Flight/material/chair/M_belt.mat
  artifactKey: Guid(3d3574be30dac234a8805ce457ab1751) Importer(2089858483,192608db42251d675da83286b1cce702)
Start importing Assets/Flight/material/chair/M_belt.mat using Guid(3d3574be30dac234a8805ce457ab1751) Importer(2089858483,192608db42251d675da83286b1cce702) (ScriptedImporter)[PhysX] Initialized MultithreadedTaskDispatcher with 12 workers.
 -> (artifact id: 'e5009d1d88ab1fc330c265a948ea8dd3') in 0.0253736 seconds
Number of updated asset objects reloaded before import = 0Number of asset objects unloaded after import = 4

========================================================================
Received Import Request.
  Time since last request: 0.000038 seconds.
  path: Assets/polygonTrees/polygonTrees/prefabs/tree/trees/fallenBranchesTree Variant.prefab
  artifactKey: Guid(4e9f5b3ff3b6fa4aaa4678ac8bf8e429) Importer(2089858483,3d70f49cd1c2eb9ae422958d1c652c6b)
Start importing Assets/polygonTrees/polygonTrees/prefabs/tree/trees/fallenBranchesTree Variant.prefab using Guid(4e9f5b3ff3b6fa4aaa4678ac8bf8e429) Importer(2089858483,3d70f49cd1c2eb9ae422958d1c652c6b) (ScriptedImporter)[PhysX] Initialized MultithreadedTaskDispatcher with 12 workers.
 -> (artifact id: 'b61bd333ef28e4867ed8c41e207a801a') in 0.0209078 seconds
Number of updated asset objects reloaded before import = 0Number of asset objects unloaded after import = 15

========================================================================
Received Import Request.
  Time since last request: 0.000029 seconds.
  path: Assets/immigration/fbx/paper_and_tablet.fbx
  artifactKey: Guid(4af6fa8ad489fca40af65cae3b4e0f48) Importer(2089858483,192608db42251d675da83286b1cce702)
Start importing Assets/immigration/fbx/paper_and_tablet.fbx using Guid(4af6fa8ad489fca40af65cae3b4e0f48) Importer(2089858483,192608db42251d675da83286b1cce702) (ScriptedImporter)[PhysX] Initialized MultithreadedTaskDispatcher with 12 workers.
 -> (artifact id: '2f8c1818133385122188fe8d30fff498') in 0.0433932 seconds
Number of updated asset objects reloaded before import = 0Number of asset objects unloaded after import = 16

========================================================================
Received Import Request.
  Time since last request: 0.000022 seconds.
  path: Assets/immigration/material/Baggage claim.png
  artifactKey: Guid(60b668494d1d4c442893e534b7fb9389) Importer(2089858483,192608db42251d675da83286b1cce702)
Start importing Assets/immigration/material/Baggage claim.png using Guid(60b668494d1d4c442893e534b7fb9389) Importer(2089858483,192608db42251d675da83286b1cce702) (ScriptedImporter)[PhysX] Initialized MultithreadedTaskDispatcher with 12 workers.
 -> (artifact id: '42a83fca223d0b636087cb332aa3ef54') in 0.0306452 seconds
Number of updated asset objects reloaded before import = 0Number of asset objects unloaded after import = 1

========================================================================
Received Import Request.
  Time since last request: 0.000032 seconds.
  path: Assets/Flight/material/chair/M_footrest.mat
  artifactKey: Guid(9564afd781ad54746a96a8e905140a86) Importer(2089858483,192608db42251d675da83286b1cce702)
Start importing Assets/Flight/material/chair/M_footrest.mat using Guid(9564afd781ad54746a96a8e905140a86) Importer(2089858483,192608db42251d675da83286b1cce702) (ScriptedImporter)[PhysX] Initialized MultithreadedTaskDispatcher with 12 workers.
 -> (artifact id: '5dfd1e80e2a0355312b67178e345d11a') in 0.0321665 seconds
Number of updated asset objects reloaded before import = 0Number of asset objects unloaded after import = 2

========================================================================
Received Import Request.
  Time since last request: 0.000049 seconds.
  path: Assets/Flight/material/chair/M_remote 1.mat
  artifactKey: Guid(76f9adcf3ab8c184c9c94b84e5accff3) Importer(2089858483,192608db42251d675da83286b1cce702)
Start importing Assets/Flight/material/chair/M_remote 1.mat using Guid(76f9adcf3ab8c184c9c94b84e5accff3) Importer(2089858483,192608db42251d675da83286b1cce702) (ScriptedImporter)[PhysX] Initialized MultithreadedTaskDispatcher with 12 workers.
 -> (artifact id: '3226d4d1d910f1795abfd6fb47bacc41') in 0.0288523 seconds
Number of updated asset objects reloaded before import = 0Number of asset objects unloaded after import = 1

========================================================================
Received Import Request.
  Time since last request: 0.000021 seconds.
  path: Assets/Flight/material/chair/M_remote 3.mat
  artifactKey: Guid(82491a6128bc7f34e9bf38c15135c11e) Importer(2089858483,192608db42251d675da83286b1cce702)
Start importing Assets/Flight/material/chair/M_remote 3.mat using Guid(82491a6128bc7f34e9bf38c15135c11e) Importer(2089858483,192608db42251d675da83286b1cce702) (ScriptedImporter)[PhysX] Initialized MultithreadedTaskDispatcher with 12 workers.
 -> (artifact id: '7f3ec87958647f22a008fc98f00001bb') in 0.0217426 seconds
Number of updated asset objects reloaded before import = 0Number of asset objects unloaded after import = 1

========================================================================
Received Import Request.
  Time since last request: 0.000023 seconds.
  path: Assets/immigration/material/arrivalscreen.png
  artifactKey: Guid(e01d1886abc22e14d818e9f60b11051c) Importer(2089858483,192608db42251d675da83286b1cce702)
Start importing Assets/immigration/material/arrivalscreen.png using Guid(e01d1886abc22e14d818e9f60b11051c) Importer(2089858483,192608db42251d675da83286b1cce702) (ScriptedImporter)[PhysX] Initialized MultithreadedTaskDispatcher with 12 workers.
 -> (artifact id: '26e2fb26d2c924f74c834387da76efde') in 0.0476474 seconds
Number of updated asset objects reloaded before import = 0Number of asset objects unloaded after import = 1

========================================================================
Received Import Request.
  Time since last request: 0.000321 seconds.
  path: Assets/immigration/material/M_arrival.mat
  artifactKey: Guid(f0e01c74ab70c9a488d5f97cb260d12a) Importer(2089858483,192608db42251d675da83286b1cce702)
Start importing Assets/immigration/material/M_arrival.mat using Guid(f0e01c74ab70c9a488d5f97cb260d12a) Importer(2089858483,192608db42251d675da83286b1cce702) (ScriptedImporter)[PhysX] Initialized MultithreadedTaskDispatcher with 12 workers.
 -> (artifact id: 'aeb8da80bfa138b0d02ce90cb36b351c') in 0.0329432 seconds
Number of updated asset objects reloaded before import = 0Number of asset objects unloaded after import = 3

========================================================================
Received Import Request.
  Time since last request: 0.000040 seconds.
  path: Assets/immigration/material/M_immigrationsign2.mat
  artifactKey: Guid(de783e9929a1e2143b1cc3bdff95a4d9) Importer(2089858483,192608db42251d675da83286b1cce702)
Start importing Assets/immigration/material/M_immigrationsign2.mat using Guid(de783e9929a1e2143b1cc3bdff95a4d9) Importer(2089858483,192608db42251d675da83286b1cce702) (ScriptedImporter)[PhysX] Initialized MultithreadedTaskDispatcher with 12 workers.
 -> (artifact id: '4d46ef8d51784a377d2362c6f9fca153') in 0.0468649 seconds
Number of updated asset objects reloaded before import = 0Number of asset objects unloaded after import = 5

========================================================================
Received Import Request.
  Time since last request: 0.000048 seconds.
  path: Assets/immigration/fbx/immigrationdesk.fbx
  artifactKey: Guid(9cf18e84c1ccf6b42b0d0571e1e20194) Importer(2089858483,192608db42251d675da83286b1cce702)
Start importing Assets/immigration/fbx/immigrationdesk.fbx using Guid(9cf18e84c1ccf6b42b0d0571e1e20194) Importer(2089858483,192608db42251d675da83286b1cce702) (ScriptedImporter)[PhysX] Initialized MultithreadedTaskDispatcher with 12 workers.
 -> (artifact id: 'f81bb60aaec2df0645c0a84b87a12700') in 0.068876 seconds
Number of updated asset objects reloaded before import = 0Number of asset objects unloaded after import = 74

========================================================================
Received Import Request.
  Time since last request: 0.000072 seconds.
  path: Assets/Flight/FBX/smoothmonitor.fbx
  artifactKey: Guid(08fb0fcd0f0729948876781dd8c52c35) Importer(2089858483,192608db42251d675da83286b1cce702)
Start importing Assets/Flight/FBX/smoothmonitor.fbx using Guid(08fb0fcd0f0729948876781dd8c52c35) Importer(2089858483,192608db42251d675da83286b1cce702) (ScriptedImporter)[PhysX] Initialized MultithreadedTaskDispatcher with 12 workers.
 -> (artifact id: 'd287c61561dc21966489952ae93ec72b') in 0.0377485 seconds
Number of updated asset objects reloaded before import = 0Number of asset objects unloaded after import = 14

========================================================================
Received Import Request.
  Time since last request: 0.000033 seconds.
  path: Assets/Settings/URP-Performant-Renderer.asset
  artifactKey: Guid(707360a9c581a4bd7aa53bfeb1429f71) Importer(2089858483,192608db42251d675da83286b1cce702)
Start importing Assets/Settings/URP-Performant-Renderer.asset using Guid(707360a9c581a4bd7aa53bfeb1429f71) Importer(2089858483,192608db42251d675da83286b1cce702) (ScriptedImporter)[PhysX] Initialized MultithreadedTaskDispatcher with 12 workers.
 -> (artifact id: '9f7a127fb8d6ecec520a2aba9e7583fa') in 0.0324503 seconds
Number of updated asset objects reloaded before import = 0Number of asset objects unloaded after import = 1

========================================================================
Received Import Request.
  Time since last request: 0.000023 seconds.
  path: Assets/Flight/FBX/closet.fbx
  artifactKey: Guid(d400456c90f0fa4459a71aab4477bd8f) Importer(2089858483,192608db42251d675da83286b1cce702)
Start importing Assets/Flight/FBX/closet.fbx using Guid(d400456c90f0fa4459a71aab4477bd8f) Importer(2089858483,192608db42251d675da83286b1cce702) (ScriptedImporter)[PhysX] Initialized MultithreadedTaskDispatcher with 12 workers.
 -> (artifact id: '30e9266ffb4796927f8c87eb62af4243') in 0.0557212 seconds
Number of updated asset objects reloaded before import = 0Number of asset objects unloaded after import = 7

========================================================================
Received Import Request.
  Time since last request: 0.000023 seconds.
  path: Assets/immigration/material/CCTV/CCTV.mtl
  artifactKey: Guid(a0fcd01d2a077824fbc3ca5f4d6bf8aa) Importer(2089858483,192608db42251d675da83286b1cce702)
Start importing Assets/immigration/material/CCTV/CCTV.mtl using Guid(a0fcd01d2a077824fbc3ca5f4d6bf8aa) Importer(2089858483,192608db42251d675da83286b1cce702) (ScriptedImporter)[PhysX] Initialized MultithreadedTaskDispatcher with 12 workers.
 -> (artifact id: '2d771bf9d0c6484ec499dd2ebaeff68c') in 0.0148906 seconds
Number of updated asset objects reloaded before import = 0Number of asset objects unloaded after import = 1

========================================================================
Received Import Request.
  Time since last request: 0.000022 seconds.
  path: Assets/Scenes/immigration/LightingData.asset
  artifactKey: Guid(8ca35e21e7df87f47b413a0148e38008) Importer(2089858483,192608db42251d675da83286b1cce702)
Start importing Assets/Scenes/immigration/LightingData.asset using Guid(8ca35e21e7df87f47b413a0148e38008) Importer(2089858483,192608db42251d675da83286b1cce702) (ScriptedImporter)[PhysX] Initialized MultithreadedTaskDispatcher with 12 workers.
 -> (artifact id: '906ab99a3975460d29a898c597e91d1b') in 0.0177507 seconds
Number of updated asset objects reloaded before import = 0Number of asset objects unloaded after import = 2

========================================================================
Received Import Request.
  Time since last request: 0.000038 seconds.
  path: Assets/Flight/material/chair/M_splice3.mat
  artifactKey: Guid(ee0411c356f09c34295e23da707539ab) Importer(2089858483,192608db42251d675da83286b1cce702)
Start importing Assets/Flight/material/chair/M_splice3.mat using Guid(ee0411c356f09c34295e23da707539ab) Importer(2089858483,192608db42251d675da83286b1cce702) (ScriptedImporter)[PhysX] Initialized MultithreadedTaskDispatcher with 12 workers.
 -> (artifact id: '31d937aa4a363ff16c6ac408066f2ecf') in 0.0199019 seconds
Number of updated asset objects reloaded before import = 0Number of asset objects unloaded after import = 3

========================================================================
Received Import Request.
  Time since last request: 0.000024 seconds.
  path: Assets/Settings/SampleSceneProfile.asset
  artifactKey: Guid(a6560a915ef98420e9faacc1c7438823) Importer(2089858483,192608db42251d675da83286b1cce702)
Start importing Assets/Settings/SampleSceneProfile.asset using Guid(a6560a915ef98420e9faacc1c7438823) Importer(2089858483,192608db42251d675da83286b1cce702) (ScriptedImporter)[PhysX] Initialized MultithreadedTaskDispatcher with 12 workers.
 -> (artifact id: '63d85ab1a806b26d8feeafbf9f7771e5') in 0.0182185 seconds
Number of updated asset objects reloaded before import = 0Number of asset objects unloaded after import = 4

========================================================================
Received Import Request.
  Time since last request: 0.000023 seconds.
  path: Assets/Readme.asset
  artifactKey: Guid(8105016687592461f977c054a80ce2f2) Importer(2089858483,192608db42251d675da83286b1cce702)
Start importing Assets/Readme.asset using Guid(8105016687592461f977c054a80ce2f2) Importer(2089858483,192608db42251d675da83286b1cce702) (ScriptedImporter)[PhysX] Initialized MultithreadedTaskDispatcher with 12 workers.
 -> (artifact id: 'a2627d4a83b4a8deacc5430fb2ddec0e') in 0.0200195 seconds
Number of updated asset objects reloaded before import = 0Number of asset objects unloaded after import = 2

========================================================================
Received Import Request.
  Time since last request: 0.000025 seconds.
  path: Assets/Flight/material/chair/M_splice.mat
  artifactKey: Guid(7d9f657e4a585a643aa86a4b7ff5db1c) Importer(2089858483,192608db42251d675da83286b1cce702)
Start importing Assets/Flight/material/chair/M_splice.mat using Guid(7d9f657e4a585a643aa86a4b7ff5db1c) Importer(2089858483,192608db42251d675da83286b1cce702) (ScriptedImporter)[PhysX] Initialized MultithreadedTaskDispatcher with 12 workers.
 -> (artifact id: '8af3db0d809deeeb83ae1876a1cce74a') in 0.0274268 seconds
Number of updated asset objects reloaded before import = 0Number of asset objects unloaded after import = 3

========================================================================
Received Import Request.
  Time since last request: 0.000032 seconds.
  path: Assets/immigration/material/desk/M_paper.mat
  artifactKey: Guid(716ea9699def40d428230d2f9e440418) Importer(2089858483,192608db42251d675da83286b1cce702)
Start importing Assets/immigration/material/desk/M_paper.mat using Guid(716ea9699def40d428230d2f9e440418) Importer(2089858483,192608db42251d675da83286b1cce702) (ScriptedImporter)[PhysX] Initialized MultithreadedTaskDispatcher with 12 workers.
 -> (artifact id: '6fc33c8d7419c52bdd6037dab7125e6a') in 0.0211128 seconds
Number of updated asset objects reloaded before import = 0Number of asset objects unloaded after import = 2

========================================================================
Received Import Request.
  Time since last request: 0.000033 seconds.
  path: Assets/immigration/material/desk/M_passportdraw.mat
  artifactKey: Guid(064bdda8f51287541838e079947b5237) Importer(2089858483,192608db42251d675da83286b1cce702)
Start importing Assets/immigration/material/desk/M_passportdraw.mat using Guid(064bdda8f51287541838e079947b5237) Importer(2089858483,192608db42251d675da83286b1cce702) (ScriptedImporter)[PhysX] Initialized MultithreadedTaskDispatcher with 12 workers.
 -> (artifact id: '611d0db9a7faf7482ff6dbfe41f9b871') in 0.0186769 seconds
Number of updated asset objects reloaded before import = 0Number of asset objects unloaded after import = 2

========================================================================
Received Import Request.
  Time since last request: 0.000022 seconds.
  path: Assets/immigration/material/desk/M_handsanitizer.mat
  artifactKey: Guid(86fa4ba085ad5874f9577ae56c9a29ed) Importer(2089858483,192608db42251d675da83286b1cce702)
Start importing Assets/immigration/material/desk/M_handsanitizer.mat using Guid(86fa4ba085ad5874f9577ae56c9a29ed) Importer(2089858483,192608db42251d675da83286b1cce702) (ScriptedImporter)[PhysX] Initialized MultithreadedTaskDispatcher with 12 workers.
 -> (artifact id: '9b39c2019e6189edb9c2b2a4f941231f') in 0.0214507 seconds
Number of updated asset objects reloaded before import = 0Number of asset objects unloaded after import = 2

========================================================================
Received Import Request.
  Time since last request: 0.000030 seconds.
  path: Assets/Settings/Mobile_RPAsset.asset
  artifactKey: Guid(5e6cbd92db86f4b18aec3ed561671858) Importer(2089858483,192608db42251d675da83286b1cce702)
Start importing Assets/Settings/Mobile_RPAsset.asset using Guid(5e6cbd92db86f4b18aec3ed561671858) Importer(2089858483,192608db42251d675da83286b1cce702) (ScriptedImporter)[PhysX] Initialized MultithreadedTaskDispatcher with 12 workers.
 -> (artifact id: '7f038102f286c95bbb67c5d6a267a922') in 0.071149 seconds
Number of updated asset objects reloaded before import = 0Number of asset objects unloaded after import = 2

========================================================================
Received Import Request.
  Time since last request: 0.000037 seconds.
  path: Assets/Settings/UniversalRenderPipelineGlobalSettings.asset
  artifactKey: Guid(18dc0cd2c080841dea60987a38ce93fa) Importer(2089858483,3d70f49cd1c2eb9ae422958d1c652c6b)
Start importing Assets/Settings/UniversalRenderPipelineGlobalSettings.asset using Guid(18dc0cd2c080841dea60987a38ce93fa) Importer(2089858483,3d70f49cd1c2eb9ae422958d1c652c6b) (ScriptedImporter)[PhysX] Initialized MultithreadedTaskDispatcher with 12 workers.
 -> (artifact id: '462655a63675109213160762e46dde9f') in 0.0183809 seconds
Number of updated asset objects reloaded before import = 0Number of asset objects unloaded after import = 0

========================================================================
Received Import Request.
  Time since last request: 0.000061 seconds.
  path: Assets/Flight/material/chair/M_greenlight.mat
  artifactKey: Guid(452f63440c127e149be97f4cd28df231) Importer(2089858483,192608db42251d675da83286b1cce702)
Start importing Assets/Flight/material/chair/M_greenlight.mat using Guid(452f63440c127e149be97f4cd28df231) Importer(2089858483,192608db42251d675da83286b1cce702) (ScriptedImporter)[PhysX] Initialized MultithreadedTaskDispatcher with 12 workers.
 -> (artifact id: '17ddc109419a5a89623c80e32d82e725') in 0.0217652 seconds
Number of updated asset objects reloaded before import = 0Number of asset objects unloaded after import = 1

========================================================================
Received Import Request.
  Time since last request: 0.000031 seconds.
  path: Assets/immigration/material/line/M_airportfabric.mat
  artifactKey: Guid(e079950428adb6f4ea98011977dbea21) Importer(2089858483,192608db42251d675da83286b1cce702)
Start importing Assets/immigration/material/line/M_airportfabric.mat using Guid(e079950428adb6f4ea98011977dbea21) Importer(2089858483,192608db42251d675da83286b1cce702) (ScriptedImporter)[PhysX] Initialized MultithreadedTaskDispatcher with 12 workers.
 -> (artifact id: '61183406aace7b2d74a283ada1be7990') in 0.0247131 seconds
Number of updated asset objects reloaded before import = 0Number of asset objects unloaded after import = 6

========================================================================
Received Import Request.
  Time since last request: 0.000027 seconds.
  path: Assets/immigration/material/tile/airvent.png
  artifactKey: Guid(e2c647a7ee228cb4f9ef5a9d64b88e50) Importer(2089858483,192608db42251d675da83286b1cce702)
Start importing Assets/immigration/material/tile/airvent.png using Guid(e2c647a7ee228cb4f9ef5a9d64b88e50) Importer(2089858483,192608db42251d675da83286b1cce702) (ScriptedImporter)[PhysX] Initialized MultithreadedTaskDispatcher with 12 workers.
 -> (artifact id: 'b3098ef5635b1edce681e38bdcf5b0c9') in 0.0299613 seconds
Number of updated asset objects reloaded before import = 0Number of asset objects unloaded after import = 1

========================================================================
Received Import Request.
  Time since last request: 0.000025 seconds.
  path: Assets/immigration/material/line/M_grayplastic.mat
  artifactKey: Guid(023fe5c02e39b804190f2c608a9acf46) Importer(2089858483,192608db42251d675da83286b1cce702)
Start importing Assets/immigration/material/line/M_grayplastic.mat using Guid(023fe5c02e39b804190f2c608a9acf46) Importer(2089858483,192608db42251d675da83286b1cce702) (ScriptedImporter)[PhysX] Initialized MultithreadedTaskDispatcher with 12 workers.
 -> (artifact id: '4d7f82bd8bf0a9e667e0519f6b2063f8') in 0.0238891 seconds
Number of updated asset objects reloaded before import = 0Number of asset objects unloaded after import = 2

========================================================================
Received Import Request.
  Time since last request: 0.000046 seconds.
  path: Assets/Flight/material/chair/M_remote 4.mat
  artifactKey: Guid(4a662bbab3b2d5e46adb92877fd3d0fb) Importer(2089858483,192608db42251d675da83286b1cce702)
Start importing Assets/Flight/material/chair/M_remote 4.mat using Guid(4a662bbab3b2d5e46adb92877fd3d0fb) Importer(2089858483,192608db42251d675da83286b1cce702) (ScriptedImporter)[PhysX] Initialized MultithreadedTaskDispatcher with 12 workers.
 -> (artifact id: '9568abf448ecf0c3f5b7f6c0d6266b13') in 0.0207804 seconds
Number of updated asset objects reloaded before import = 0Number of asset objects unloaded after import = 2

========================================================================
Received Import Request.
  Time since last request: 0.000023 seconds.
  path: Assets/immigration/fbx/model.dae
  artifactKey: Guid(74e330deeee25b248b17b2c15217bffa) Importer(2089858483,192608db42251d675da83286b1cce702)
Start importing Assets/immigration/fbx/model.dae using Guid(74e330deeee25b248b17b2c15217bffa) Importer(2089858483,192608db42251d675da83286b1cce702) (ScriptedImporter)[PhysX] Initialized MultithreadedTaskDispatcher with 12 workers.
 -> (artifact id: 'd2e9915e3d0608510d01ebca3e650608') in 0.0357191 seconds
Number of updated asset objects reloaded before import = 0Number of asset objects unloaded after import = 8

========================================================================
Received Import Request.
  Time since last request: 0.000025 seconds.
  path: Assets/Flight/material/ceiling/M_cover.mat
  artifactKey: Guid(134f86989a80baa4dbefa3dd5710e082) Importer(2089858483,192608db42251d675da83286b1cce702)
Start importing Assets/Flight/material/ceiling/M_cover.mat using Guid(134f86989a80baa4dbefa3dd5710e082) Importer(2089858483,192608db42251d675da83286b1cce702) (ScriptedImporter)[PhysX] Initialized MultithreadedTaskDispatcher with 12 workers.
 -> (artifact id: 'a59b047ca579bb38fb1d8f96de6a7fd9') in 0.024446 seconds
Number of updated asset objects reloaded before import = 0Number of asset objects unloaded after import = 3

========================================================================
Received Import Request.
  Time since last request: 0.000029 seconds.
  path: Assets/immigration/fbx/pillar.fbx
  artifactKey: Guid(a3bf6cba32f2401468a61d202603faa4) Importer(2089858483,192608db42251d675da83286b1cce702)
Start importing Assets/immigration/fbx/pillar.fbx using Guid(a3bf6cba32f2401468a61d202603faa4) Importer(2089858483,192608db42251d675da83286b1cce702) (ScriptedImporter)[PhysX] Initialized MultithreadedTaskDispatcher with 12 workers.
 -> (artifact id: '99a85d7129b142edcfc440669dcb10d7') in 0.0397898 seconds
Number of updated asset objects reloaded before import = 0Number of asset objects unloaded after import = 7

========================================================================
Received Import Request.
  Time since last request: 0.000030 seconds.
  path: Assets/immigration/material/tree/folwerpot2_ms.png
  artifactKey: Guid(e705751b511fa0b4889f701bebd21bf6) Importer(2089858483,192608db42251d675da83286b1cce702)
Start importing Assets/immigration/material/tree/folwerpot2_ms.png using Guid(e705751b511fa0b4889f701bebd21bf6) Importer(2089858483,192608db42251d675da83286b1cce702) (ScriptedImporter)[PhysX] Initialized MultithreadedTaskDispatcher with 12 workers.
 -> (artifact id: '8bc72a4a50f69f411d7d5fc1c239a7c8') in 0.0313418 seconds
Number of updated asset objects reloaded before import = 0Number of asset objects unloaded after import = 1

========================================================================
Received Import Request.
  Time since last request: 0.000027 seconds.
  path: Assets/immigration/material/wood/woodparquet_86_basecolor-1K.png
  artifactKey: Guid(2d7956baf9739354cbf1aeb6062ec87f) Importer(2089858483,192608db42251d675da83286b1cce702)
Start importing Assets/immigration/material/wood/woodparquet_86_basecolor-1K.png using Guid(2d7956baf9739354cbf1aeb6062ec87f) Importer(2089858483,192608db42251d675da83286b1cce702) (ScriptedImporter)[PhysX] Initialized MultithreadedTaskDispatcher with 12 workers.
 -> (artifact id: '01445e880e5e1ea44a9869720a5c80d8') in 0.027124 seconds
Number of updated asset objects reloaded before import = 0Number of asset objects unloaded after import = 1

========================================================================
Received Import Request.
  Time since last request: 0.000047 seconds.
  path: Assets/immigration/material/tile/M_whitelight.mat
  artifactKey: Guid(d973466a3bfeaee4da14e2da591ed313) Importer(2089858483,192608db42251d675da83286b1cce702)
Start importing Assets/immigration/material/tile/M_whitelight.mat using Guid(d973466a3bfeaee4da14e2da591ed313) Importer(2089858483,192608db42251d675da83286b1cce702) (ScriptedImporter)[PhysX] Initialized MultithreadedTaskDispatcher with 12 workers.
 -> (artifact id: 'cc0cfdba1bbf429aa2cfdca44441a4e7') in 0.0278659 seconds
Number of updated asset objects reloaded before import = 0Number of asset objects unloaded after import = 1

========================================================================
Received Import Request.
  Time since last request: 0.000047 seconds.
  path: Assets/Flight/material/side wall/M_restroomdoor.mat
  artifactKey: Guid(2e4a5a585a3aac840977384297471df4) Importer(2089858483,192608db42251d675da83286b1cce702)
Start importing Assets/Flight/material/side wall/M_restroomdoor.mat using Guid(2e4a5a585a3aac840977384297471df4) Importer(2089858483,192608db42251d675da83286b1cce702) (ScriptedImporter)[PhysX] Initialized MultithreadedTaskDispatcher with 12 workers.
 -> (artifact id: 'b250699c62fdf4848a422ca04fe60fd0') in 0.0296972 seconds
Number of updated asset objects reloaded before import = 0Number of asset objects unloaded after import = 3

========================================================================
Received Import Request.
  Time since last request: 0.000061 seconds.
  path: Assets/immigration/material/screen/M_screennumber.mat
  artifactKey: Guid(c74a7a66e130de745a6bfadf0443aca5) Importer(2089858483,192608db42251d675da83286b1cce702)
Start importing Assets/immigration/material/screen/M_screennumber.mat using Guid(c74a7a66e130de745a6bfadf0443aca5) Importer(2089858483,192608db42251d675da83286b1cce702) (ScriptedImporter)[PhysX] Initialized MultithreadedTaskDispatcher with 12 workers.
 -> (artifact id: '4e979ad7e5ab9419283fb03e5cc3af14') in 0.0194447 seconds
Number of updated asset objects reloaded before import = 0Number of asset objects unloaded after import = 2

========================================================================
Received Import Request.
  Time since last request: 0.000030 seconds.
  path: Assets/immigration/material/desk/passport.png
  artifactKey: Guid(82ba377c5ead56c47a620c924824518e) Importer(2089858483,192608db42251d675da83286b1cce702)
Start importing Assets/immigration/material/desk/passport.png using Guid(82ba377c5ead56c47a620c924824518e) Importer(2089858483,192608db42251d675da83286b1cce702) (ScriptedImporter)[PhysX] Initialized MultithreadedTaskDispatcher with 12 workers.
 -> (artifact id: '94ddd8fc88fa2e54624fed2d21a0aaf4') in 0.0348559 seconds
Number of updated asset objects reloaded before import = 0Number of asset objects unloaded after import = 1

========================================================================
Received Import Request.
  Time since last request: 0.000038 seconds.
  path: Assets/Flight/material/side wall/texture/1K-fabric_40-normal.jpg
  artifactKey: Guid(c3bd563bd415a824e975827f16f00966) Importer(2089858483,192608db42251d675da83286b1cce702)
Start importing Assets/Flight/material/side wall/texture/1K-fabric_40-normal.jpg using Guid(c3bd563bd415a824e975827f16f00966) Importer(2089858483,192608db42251d675da83286b1cce702) (ScriptedImporter)[PhysX] Initialized MultithreadedTaskDispatcher with 12 workers.
 -> (artifact id: '5c501360466a06130c2cff25d9d85c3b') in 0.0425932 seconds
Number of updated asset objects reloaded before import = 0Number of asset objects unloaded after import = 1

========================================================================
Received Import Request.
  Time since last request: 0.000039 seconds.
  path: Assets/Flight/material/chair/Texture/fabric_124_ambientocclusion-1K.png
  artifactKey: Guid(b767d31b41d1a1a47bc7992936866e0e) Importer(2089858483,192608db42251d675da83286b1cce702)
Start importing Assets/Flight/material/chair/Texture/fabric_124_ambientocclusion-1K.png using Guid(b767d31b41d1a1a47bc7992936866e0e) Importer(2089858483,192608db42251d675da83286b1cce702) (ScriptedImporter)[PhysX] Initialized MultithreadedTaskDispatcher with 12 workers.
 -> (artifact id: '0b9a7bbd0dd81aad38dabf7e5947f415') in 0.0315685 seconds
Number of updated asset objects reloaded before import = 0Number of asset objects unloaded after import = 1

========================================================================
Received Import Request.
  Time since last request: 0.000048 seconds.
  path: Assets/Flight/material/ceiling/Texture/small screen.png
  artifactKey: Guid(623bbc41c4aad254b98ad8179a6ae6f9) Importer(2089858483,192608db42251d675da83286b1cce702)
Start importing Assets/Flight/material/ceiling/Texture/small screen.png using Guid(623bbc41c4aad254b98ad8179a6ae6f9) Importer(2089858483,192608db42251d675da83286b1cce702) (ScriptedImporter)[PhysX] Initialized MultithreadedTaskDispatcher with 12 workers.
 -> (artifact id: '4aaec152c5773e76713a3245323917c6') in 0.0311144 seconds
Number of updated asset objects reloaded before import = 0Number of asset objects unloaded after import = 1

========================================================================
Received Import Request.
  Time since last request: 0.000027 seconds.
  path: Assets/immigration/material/desk/M_logo.mat
  artifactKey: Guid(ef4c894300715f34bb8f02ca8021d07d) Importer(2089858483,192608db42251d675da83286b1cce702)
Start importing Assets/immigration/material/desk/M_logo.mat using Guid(ef4c894300715f34bb8f02ca8021d07d) Importer(2089858483,192608db42251d675da83286b1cce702) (ScriptedImporter)[PhysX] Initialized MultithreadedTaskDispatcher with 12 workers.
 -> (artifact id: 'fc17a3f7cec2719614b930fd7cba8558') in 0.0222917 seconds
Number of updated asset objects reloaded before import = 0Number of asset objects unloaded after import = 2

========================================================================
Received Import Request.
  Time since last request: 0.000019 seconds.
  path: Assets/immigration/material/tree/M_wood2.mat
  artifactKey: Guid(1a7a4be1e1aa4a84da63d73c527e0d77) Importer(2089858483,192608db42251d675da83286b1cce702)
Start importing Assets/immigration/material/tree/M_wood2.mat using Guid(1a7a4be1e1aa4a84da63d73c527e0d77) Importer(2089858483,192608db42251d675da83286b1cce702) (ScriptedImporter)[PhysX] Initialized MultithreadedTaskDispatcher with 12 workers.
 -> (artifact id: '39b2b6bb798d76fc50034a8b71f83e59') in 0.0224606 seconds
Number of updated asset objects reloaded before import = 0Number of asset objects unloaded after import = 1

========================================================================
Received Import Request.
  Time since last request: 0.000027 seconds.
  path: Assets/Flight/material/Material/1K-carpet_floor_5-diffuse.jpg
  artifactKey: Guid(dab97efffd9ac244db2c36ce9b7ebc3c) Importer(2089858483,192608db42251d675da83286b1cce702)
Start importing Assets/Flight/material/Material/1K-carpet_floor_5-diffuse.jpg using Guid(dab97efffd9ac244db2c36ce9b7ebc3c) Importer(2089858483,192608db42251d675da83286b1cce702) (ScriptedImporter)[PhysX] Initialized MultithreadedTaskDispatcher with 12 workers.
 -> (artifact id: 'a0b714af1a0cee999763abe67c436165') in 0.0252153 seconds
Number of updated asset objects reloaded before import = 0Number of asset objects unloaded after import = 1

========================================================================
Received Import Request.
  Time since last request: 0.000045 seconds.
  path: Assets/immigration/material/desk/COMPUTER/emission.png
  artifactKey: Guid(f366db37b45e874448fdb7fc3356a0ed) Importer(2089858483,192608db42251d675da83286b1cce702)
Start importing Assets/immigration/material/desk/COMPUTER/emission.png using Guid(f366db37b45e874448fdb7fc3356a0ed) Importer(2089858483,192608db42251d675da83286b1cce702) (ScriptedImporter)[PhysX] Initialized MultithreadedTaskDispatcher with 12 workers.
 -> (artifact id: '0771bcd2fc09533d78aea64aa8b0c629') in 0.0480031 seconds
Number of updated asset objects reloaded before import = 0Number of asset objects unloaded after import = 1

========================================================================
Received Import Request.
  Time since last request: 0.000022 seconds.
  path: Assets/immigration/material/desk/NO/New Material 8.mat
  artifactKey: Guid(a40648bd7df01f743a355b63d19cf88f) Importer(2089858483,192608db42251d675da83286b1cce702)
Start importing Assets/immigration/material/desk/NO/New Material 8.mat using Guid(a40648bd7df01f743a355b63d19cf88f) Importer(2089858483,192608db42251d675da83286b1cce702) (ScriptedImporter)[PhysX] Initialized MultithreadedTaskDispatcher with 12 workers.
 -> (artifact id: '4cc898c9dbb92661190f6844a6a47ac9') in 0.0227571 seconds
Number of updated asset objects reloaded before import = 0Number of asset objects unloaded after import = 2

========================================================================
Received Import Request.
  Time since last request: 0.000019 seconds.
  path: Assets/immigration/material/desk/chair/Chair_L_Chair_Roughness.png
  artifactKey: Guid(23660069a3cceac4ca86b104516d4973) Importer(2089858483,192608db42251d675da83286b1cce702)
Start importing Assets/immigration/material/desk/chair/Chair_L_Chair_Roughness.png using Guid(23660069a3cceac4ca86b104516d4973) Importer(2089858483,192608db42251d675da83286b1cce702) (ScriptedImporter)[PhysX] Initialized MultithreadedTaskDispatcher with 12 workers.
 -> (artifact id: '7136873042adc51c14c1ae486022305d') in 0.0254307 seconds
Number of updated asset objects reloaded before import = 0Number of asset objects unloaded after import = 1

========================================================================
Received Import Request.
  Time since last request: 0.000029 seconds.
  path: Assets/immigration/material/desk/NO/New Material 12.mat
  artifactKey: Guid(821378791a92de949992245902c67a0c) Importer(2089858483,192608db42251d675da83286b1cce702)
Start importing Assets/immigration/material/desk/NO/New Material 12.mat using Guid(821378791a92de949992245902c67a0c) Importer(2089858483,192608db42251d675da83286b1cce702) (ScriptedImporter)[PhysX] Initialized MultithreadedTaskDispatcher with 12 workers.
 -> (artifact id: '81959edbfbb331501d6e7a18a6c7275c') in 0.0215636 seconds
Number of updated asset objects reloaded before import = 0Number of asset objects unloaded after import = 2

========================================================================
Received Import Request.
  Time since last request: 0.000045 seconds.
  path: Assets/immigration/material/desk/COMPUTER/solCapture.png
  artifactKey: Guid(b2b9be04dddc92244af9a388a59b8dc6) Importer(2089858483,192608db42251d675da83286b1cce702)
Start importing Assets/immigration/material/desk/COMPUTER/solCapture.png using Guid(b2b9be04dddc92244af9a388a59b8dc6) Importer(2089858483,192608db42251d675da83286b1cce702) (ScriptedImporter)[PhysX] Initialized MultithreadedTaskDispatcher with 12 workers.
 -> (artifact id: 'd356d2a0a518a58aaf5819c244ffbf37') in 0.0256198 seconds
Number of updated asset objects reloaded before import = 0Number of asset objects unloaded after import = 1

========================================================================
Received Import Request.
  Time since last request: 0.000029 seconds.
  path: Assets/immigration/material/tile/8mmMerbau_tint0x512816FF.jpg
  artifactKey: Guid(e38e674c80bd2614991d641095de01fd) Importer(2089858483,192608db42251d675da83286b1cce702)
Start importing Assets/immigration/material/tile/8mmMerbau_tint0x512816FF.jpg using Guid(e38e674c80bd2614991d641095de01fd) Importer(2089858483,192608db42251d675da83286b1cce702) (ScriptedImporter)[PhysX] Initialized MultithreadedTaskDispatcher with 12 workers.
 -> (artifact id: 'a8f5ba8306fcb3c6a046b0d5261350c1') in 0.0351961 seconds
Number of updated asset objects reloaded before import = 0Number of asset objects unloaded after import = 1

========================================================================
Received Import Request.
  Time since last request: 0.000029 seconds.
  path: Assets/polygonTrees/polygonTrees/prefabs/tree/trees/purpleTree Variant.prefab
  artifactKey: Guid(874e3a4a755ef9e639594d1f5df968d1) Importer(2089858483,192608db42251d675da83286b1cce702)
Start importing Assets/polygonTrees/polygonTrees/prefabs/tree/trees/purpleTree Variant.prefab using Guid(874e3a4a755ef9e639594d1f5df968d1) Importer(2089858483,192608db42251d675da83286b1cce702) (ScriptedImporter)[PhysX] Initialized MultithreadedTaskDispatcher with 12 workers.
 -> (artifact id: 'c48a16740164f28976713d38f4938728') in 0.0460852 seconds
Number of updated asset objects reloaded before import = 0Number of asset objects unloaded after import = 14

========================================================================
Received Import Request.
  Time since last request: 0.000042 seconds.
  path: Assets/polygonTrees/polygonTrees/models/trees/deadTrees/drySimpleTree/drySimpleTree.fbx
  artifactKey: Guid(96446aea739513405b3032ea09a7f075) Importer(2089858483,192608db42251d675da83286b1cce702)
Start importing Assets/polygonTrees/polygonTrees/models/trees/deadTrees/drySimpleTree/drySimpleTree.fbx using Guid(96446aea739513405b3032ea09a7f075) Importer(2089858483,192608db42251d675da83286b1cce702) (ScriptedImporter)[PhysX] Initialized MultithreadedTaskDispatcher with 12 workers.
 -> (artifact id: 'fb40eaca0c809bbbe04a52e399ebd7bb') in 0.0440058 seconds
Number of updated asset objects reloaded before import = 0Number of asset objects unloaded after import = 8

========================================================================
Received Import Request.
  Time since last request: 0.000044 seconds.
  path: Assets/polygonTrees/polygonTrees/prefabs/tree/DryTrees/bigLeavesTree Variant.prefab
  artifactKey: Guid(ef651b83add527584aa2543d5c842cef) Importer(2089858483,192608db42251d675da83286b1cce702)
Start importing Assets/polygonTrees/polygonTrees/prefabs/tree/DryTrees/bigLeavesTree Variant.prefab using Guid(ef651b83add527584aa2543d5c842cef) Importer(2089858483,192608db42251d675da83286b1cce702) (ScriptedImporter)[PhysX] Initialized MultithreadedTaskDispatcher with 12 workers.
 -> (artifact id: '7fdbf1dc6aacc19065ae42ab25748fbe') in 0.0516216 seconds
Number of updated asset objects reloaded before import = 0Number of asset objects unloaded after import = 14

========================================================================
Received Import Request.
  Time since last request: 0.000027 seconds.
  path: Assets/polygonTrees/polygonTrees/models/trees/deadTrees/dryFallenBranchesTree/dryFallenBranchesTree.fbx
  artifactKey: Guid(049f54454f82d8835906f0cb01d2a8ba) Importer(2089858483,192608db42251d675da83286b1cce702)
Start importing Assets/polygonTrees/polygonTrees/models/trees/deadTrees/dryFallenBranchesTree/dryFallenBranchesTree.fbx using Guid(049f54454f82d8835906f0cb01d2a8ba) Importer(2089858483,192608db42251d675da83286b1cce702) (ScriptedImporter)[PhysX] Initialized MultithreadedTaskDispatcher with 12 workers.
 -> (artifact id: 'fc7ceae1808c1a3e5006fed9f5edb136') in 0.0597703 seconds
Number of updated asset objects reloaded before import = 0Number of asset objects unloaded after import = 8

========================================================================
Received Import Request.
  Time since last request: 0.000030 seconds.
  path: Assets/immigration/material/desk/NO/NO2.png
  artifactKey: Guid(fbb861db48e070149b177a8c06c33464) Importer(2089858483,192608db42251d675da83286b1cce702)
Start importing Assets/immigration/material/desk/NO/NO2.png using Guid(fbb861db48e070149b177a8c06c33464) Importer(2089858483,192608db42251d675da83286b1cce702) (ScriptedImporter)[PhysX] Initialized MultithreadedTaskDispatcher with 12 workers.
 -> (artifact id: '9ed58bd946214ccdd437992ef610c783') in 0.0590265 seconds
Number of updated asset objects reloaded before import = 0Number of asset objects unloaded after import = 1

========================================================================
Received Import Request.
  Time since last request: 0.000049 seconds.
  path: Assets/polygonTrees/polygonTrees/models/trees/trees/bigLeavesTree/bigLeavesTree.fbx
  artifactKey: Guid(331e6cacaa5064ecb91f918c9aca93fd) Importer(2089858483,192608db42251d675da83286b1cce702)
Start importing Assets/polygonTrees/polygonTrees/models/trees/trees/bigLeavesTree/bigLeavesTree.fbx using Guid(331e6cacaa5064ecb91f918c9aca93fd) Importer(2089858483,192608db42251d675da83286b1cce702) (ScriptedImporter)[PhysX] Initialized MultithreadedTaskDispatcher with 12 workers.
 -> (artifact id: 'e8e64d866d3b2d170c09e7d547132657') in 0.0589194 seconds
Number of updated asset objects reloaded before import = 0Number of asset objects unloaded after import = 9

========================================================================
Received Import Request.
  Time since last request: 0.000024 seconds.
  path: Assets/polygonTrees/polygonTrees/models/trees/trees/fallenBranchesTree/fallenBranchesTree.fbx
  artifactKey: Guid(8de141720bc4aa5debd9f47d7cac2db5) Importer(2089858483,192608db42251d675da83286b1cce702)
Start importing Assets/polygonTrees/polygonTrees/models/trees/trees/fallenBranchesTree/fallenBranchesTree.fbx using Guid(8de141720bc4aa5debd9f47d7cac2db5) Importer(2089858483,192608db42251d675da83286b1cce702) (ScriptedImporter)[PhysX] Initialized MultithreadedTaskDispatcher with 12 workers.
 -> (artifact id: '45da38c20cd5bb82963d4ef0de5c9f45') in 0.0487878 seconds
Number of updated asset objects reloaded before import = 0Number of asset objects unloaded after import = 9

========================================================================
Received Import Request.
  Time since last request: 0.000029 seconds.
  path: Assets/polygonTrees/polygonTrees/prefabs/tree/DryTrees/meshCollider/drySimpleTree Variant.prefab
  artifactKey: Guid(0e433a40fec982603a2534990bb87688) Importer(2089858483,192608db42251d675da83286b1cce702)
Start importing Assets/polygonTrees/polygonTrees/prefabs/tree/DryTrees/meshCollider/drySimpleTree Variant.prefab using Guid(0e433a40fec982603a2534990bb87688) Importer(2089858483,192608db42251d675da83286b1cce702) (ScriptedImporter)[PhysX] Initialized MultithreadedTaskDispatcher with 12 workers.
 -> (artifact id: 'a45f503ecc7ff4b7101e3c3393069b54') in 0.0329531 seconds
Number of updated asset objects reloaded before import = 0Number of asset objects unloaded after import = 14

========================================================================
Received Import Request.
  Time since last request: 0.000026 seconds.
  path: Assets/polygonTrees/polygonTrees/prefabs/tree/DryTrees/meshCollider/dryTree Variant.prefab
  artifactKey: Guid(6156f12d025f5ac51bb4334c19cf3d3f) Importer(2089858483,192608db42251d675da83286b1cce702)
Start importing Assets/polygonTrees/polygonTrees/prefabs/tree/DryTrees/meshCollider/dryTree Variant.prefab using Guid(6156f12d025f5ac51bb4334c19cf3d3f) Importer(2089858483,192608db42251d675da83286b1cce702) (ScriptedImporter)[PhysX] Initialized MultithreadedTaskDispatcher with 12 workers.
 -> (artifact id: '074980efca4ab29a51a20c70d0bc17f0') in 0.0395166 seconds
Number of updated asset objects reloaded before import = 0Number of asset objects unloaded after import = 14

========================================================================
Received Import Request.
  Time since last request: 0.000039 seconds.
  path: Assets/polygonTrees/polygonTrees/models/trees/trees/simpleTree/editableMaterials/leavesMaterial.mat
  artifactKey: Guid(967a819c2e61bf0fc8defd81721d5887) Importer(2089858483,192608db42251d675da83286b1cce702)
Start importing Assets/polygonTrees/polygonTrees/models/trees/trees/simpleTree/editableMaterials/leavesMaterial.mat using Guid(967a819c2e61bf0fc8defd81721d5887) Importer(2089858483,192608db42251d675da83286b1cce702) (ScriptedImporter)[PhysX] Initialized MultithreadedTaskDispatcher with 12 workers.
 -> (artifact id: '8e3d2ae428ad438343a3824c61906073') in 0.0592299 seconds
Number of updated asset objects reloaded before import = 0Number of asset objects unloaded after import = 1

========================================================================
Received Import Request.
  Time since last request: 0.000030 seconds.
  path: Assets/polygonTrees/polygonTrees/models/trees/trees/purpleTree/editableMaterials/leavesMaterial.mat
  artifactKey: Guid(324b7782d067e21edbca6af4a0e0dec3) Importer(2089858483,192608db42251d675da83286b1cce702)
Start importing Assets/polygonTrees/polygonTrees/models/trees/trees/purpleTree/editableMaterials/leavesMaterial.mat using Guid(324b7782d067e21edbca6af4a0e0dec3) Importer(2089858483,192608db42251d675da83286b1cce702) (ScriptedImporter)[PhysX] Initialized MultithreadedTaskDispatcher with 12 workers.
 -> (artifact id: 'e8c4b653d51adcdaa515ce9727cafd01') in 0.0194676 seconds
Number of updated asset objects reloaded before import = 0Number of asset objects unloaded after import = 1

========================================================================
Received Import Request.
  Time since last request: 0.000022 seconds.
  path: Assets/polygonTrees/polygonTrees/models/trees/deadTrees/drySimpleTree/editableMaterial/treeMaterial.mat
  artifactKey: Guid(bf39d45ea2c7eaa25b40eb2e2543c16d) Importer(2089858483,192608db42251d675da83286b1cce702)
Start importing Assets/polygonTrees/polygonTrees/models/trees/deadTrees/drySimpleTree/editableMaterial/treeMaterial.mat using Guid(bf39d45ea2c7eaa25b40eb2e2543c16d) Importer(2089858483,192608db42251d675da83286b1cce702) (ScriptedImporter)[PhysX] Initialized MultithreadedTaskDispatcher with 12 workers.
 -> (artifact id: 'b499bcf2762f3a615239a8380d925f6e') in 0.0255961 seconds
Number of updated asset objects reloaded before import = 0Number of asset objects unloaded after import = 1

========================================================================
Received Import Request.
  Time since last request: 0.000031 seconds.
  path: Assets/Flight/FBX/monitor.fbx
  artifactKey: Guid(72bbbfc3858acbf4cace34f8822d1ab7) Importer(2089858483,192608db42251d675da83286b1cce702)
Start importing Assets/Flight/FBX/monitor.fbx using Guid(72bbbfc3858acbf4cace34f8822d1ab7) Importer(2089858483,192608db42251d675da83286b1cce702) (ScriptedImporter)[PhysX] Initialized MultithreadedTaskDispatcher with 12 workers.
 -> (artifact id: 'aa99f6af0897ac0480f1e2e90aae98bc') in 0.026015 seconds
Number of updated asset objects reloaded before import = 0Number of asset objects unloaded after import = 7

========================================================================
Received Import Request.
  Time since last request: 0.000044 seconds.
  path: Assets/Settings/URP-Balanced.asset
  artifactKey: Guid(e1260c1148f6143b28bae5ace5e9c5d1) Importer(2089858483,192608db42251d675da83286b1cce702)
Start importing Assets/Settings/URP-Balanced.asset using Guid(e1260c1148f6143b28bae5ace5e9c5d1) Importer(2089858483,192608db42251d675da83286b1cce702) (ScriptedImporter)[PhysX] Initialized MultithreadedTaskDispatcher with 12 workers.
 -> (artifact id: '6daeb3313653616bc699fc7d72a07091') in 0.0420395 seconds
Number of updated asset objects reloaded before import = 0Number of asset objects unloaded after import = 3

========================================================================
Received Import Request.
  Time since last request: 0.000034 seconds.
  path: Assets/Flight/material/chair/M_chairplastic1.mat
  artifactKey: Guid(19bc83bf924183c4fb92197cae4c3d09) Importer(2089858483,192608db42251d675da83286b1cce702)
Start importing Assets/Flight/material/chair/M_chairplastic1.mat using Guid(19bc83bf924183c4fb92197cae4c3d09) Importer(2089858483,192608db42251d675da83286b1cce702) (ScriptedImporter)[PhysX] Initialized MultithreadedTaskDispatcher with 12 workers.
 -> (artifact id: '9e5b8e16ab4ac23db4c67f2442d783b5') in 0.0242358 seconds
Number of updated asset objects reloaded before import = 0Number of asset objects unloaded after import = 2

========================================================================
Received Import Request.
  Time since last request: 0.000030 seconds.
  path: Assets/immigration/material/tile/1K-tiling_35_basecolor.jpg
  artifactKey: Guid(3ef5cdd0f6777454ba938040798c74fa) Importer(2089858483,192608db42251d675da83286b1cce702)
Start importing Assets/immigration/material/tile/1K-tiling_35_basecolor.jpg using Guid(3ef5cdd0f6777454ba938040798c74fa) Importer(2089858483,192608db42251d675da83286b1cce702) (ScriptedImporter)[PhysX] Initialized MultithreadedTaskDispatcher with 12 workers.
 -> (artifact id: '7e4a62884fdce30e95882af54083920f') in 0.0274669 seconds
Number of updated asset objects reloaded before import = 0Number of asset objects unloaded after import = 1

========================================================================
Received Import Request.
  Time since last request: 0.000025 seconds.
  path: Assets/immigration/fbx/immigration screen 1.fbx
  artifactKey: Guid(95fed508c9a0053469e3636b1e2757a3) Importer(2089858483,192608db42251d675da83286b1cce702)
Start importing Assets/immigration/fbx/immigration screen 1.fbx using Guid(95fed508c9a0053469e3636b1e2757a3) Importer(2089858483,192608db42251d675da83286b1cce702) (ScriptedImporter)[PhysX] Initialized MultithreadedTaskDispatcher with 12 workers.
 -> (artifact id: '20e8fd55c986aca7d318ee9b6923b143') in 0.0502344 seconds
Number of updated asset objects reloaded before import = 0Number of asset objects unloaded after import = 34

========================================================================
Received Import Request.
  Time since last request: 0.000037 seconds.
  path: Assets/immigration/material/1K-wallpaper_38_basecolor.png
  artifactKey: Guid(db343f6a9f460a04c9011d9a5189e086) Importer(2089858483,192608db42251d675da83286b1cce702)
Start importing Assets/immigration/material/1K-wallpaper_38_basecolor.png using Guid(db343f6a9f460a04c9011d9a5189e086) Importer(2089858483,192608db42251d675da83286b1cce702) (ScriptedImporter)[PhysX] Initialized MultithreadedTaskDispatcher with 12 workers.
 -> (artifact id: '9cc3e35e78bcc24cecf741fc6627f90b') in 0.0393528 seconds
Number of updated asset objects reloaded before import = 0Number of asset objects unloaded after import = 1

========================================================================
Received Import Request.
  Time since last request: 0.000407 seconds.
  path: Assets/immigration/material/desk/NO/New Material 14.mat
  artifactKey: Guid(1f10ea1e332d6c04c86ea8b6fcfe3efa) Importer(2089858483,192608db42251d675da83286b1cce702)
Start importing Assets/immigration/material/desk/NO/New Material 14.mat using Guid(1f10ea1e332d6c04c86ea8b6fcfe3efa) Importer(2089858483,192608db42251d675da83286b1cce702) (ScriptedImporter)[PhysX] Initialized MultithreadedTaskDispatcher with 12 workers.
 -> (artifact id: '4fd6f09bcaf1115ab3fc08196c5d3774') in 0.0480532 seconds
Number of updated asset objects reloaded before import = 0Number of asset objects unloaded after import = 2

========================================================================
Received Import Request.
  Time since last request: 0.000027 seconds.
  path: Assets/immigration/material/desk/M_papertablet.mat
  artifactKey: Guid(aee2f09c51eb7dc4482c05de03033d28) Importer(2089858483,192608db42251d675da83286b1cce702)
Start importing Assets/immigration/material/desk/M_papertablet.mat using Guid(aee2f09c51eb7dc4482c05de03033d28) Importer(2089858483,192608db42251d675da83286b1cce702) (ScriptedImporter)[PhysX] Initialized MultithreadedTaskDispatcher with 12 workers.
 -> (artifact id: 'ac5a04f4829ec6f3703bd0b17a30f36f') in 0.0447698 seconds
Number of updated asset objects reloaded before import = 0Number of asset objects unloaded after import = 1

========================================================================
Received Import Request.
  Time since last request: 0.000062 seconds.
  path: Assets/immigration/material/M_deskglass.mat
  artifactKey: Guid(650e58108ba9db145937ccf1371ea999) Importer(2089858483,192608db42251d675da83286b1cce702)
Start importing Assets/immigration/material/M_deskglass.mat using Guid(650e58108ba9db145937ccf1371ea999) Importer(2089858483,192608db42251d675da83286b1cce702) (ScriptedImporter)[PhysX] Initialized MultithreadedTaskDispatcher with 12 workers.
 -> (artifact id: '2d650e4beef2ead88aa3a83dd5ef7758') in 0.1168544 seconds
Number of updated asset objects reloaded before import = 0Number of asset objects unloaded after import = 2

========================================================================
Received Import Request.
  Time since last request: 0.000033 seconds.
  path: Assets/Flight/material/ceiling/M_nosmoking2.mat
  artifactKey: Guid(a07b5dc2aeafa714cb39c5e86edb6a55) Importer(2089858483,192608db42251d675da83286b1cce702)
Start importing Assets/Flight/material/ceiling/M_nosmoking2.mat using Guid(a07b5dc2aeafa714cb39c5e86edb6a55) Importer(2089858483,192608db42251d675da83286b1cce702) (ScriptedImporter)[PhysX] Initialized MultithreadedTaskDispatcher with 12 workers.
 -> (artifact id: '1b68339a2f62fa7aa1dc0cd759f4a0f7') in 0.0209054 seconds
Number of updated asset objects reloaded before import = 0Number of asset objects unloaded after import = 1

========================================================================
Received Import Request.
  Time since last request: 0.000027 seconds.
  path: Assets/Flight/FBX/pocket.fbx
  artifactKey: Guid(237c5f9193f1aa04d82fc35261955b8c) Importer(2089858483,192608db42251d675da83286b1cce702)
Start importing Assets/Flight/FBX/pocket.fbx using Guid(237c5f9193f1aa04d82fc35261955b8c) Importer(2089858483,192608db42251d675da83286b1cce702) (ScriptedImporter)[PhysX] Initialized MultithreadedTaskDispatcher with 12 workers.
 -> (artifact id: '617290d4bb89aa634dde8cd71a7f56c1') in 0.0506567 seconds
Number of updated asset objects reloaded before import = 0Number of asset objects unloaded after import = 7

========================================================================
Received Import Request.
  Time since last request: 0.000041 seconds.
  path: Assets/immigration/material/desk/NO/NO12.png
  artifactKey: Guid(77acb9e4b52c0724ebc6356b723711a0) Importer(2089858483,192608db42251d675da83286b1cce702)
Start importing Assets/immigration/material/desk/NO/NO12.png using Guid(77acb9e4b52c0724ebc6356b723711a0) Importer(2089858483,192608db42251d675da83286b1cce702) (ScriptedImporter)[PhysX] Initialized MultithreadedTaskDispatcher with 12 workers.
 -> (artifact id: 'a7c16e19d01a0d108c46bbfbe06ab930') in 0.0600107 seconds
Number of updated asset objects reloaded before import = 0Number of asset objects unloaded after import = 1

========================================================================
Received Import Request.
  Time since last request: 0.000025 seconds.
  path: Assets/Flight/material/ceiling/M_bluelight.mat
  artifactKey: Guid(fe06292fa45c94b44bc7940f40187c88) Importer(2089858483,192608db42251d675da83286b1cce702)
Start importing Assets/Flight/material/ceiling/M_bluelight.mat using Guid(fe06292fa45c94b44bc7940f40187c88) Importer(2089858483,192608db42251d675da83286b1cce702) (ScriptedImporter)[PhysX] Initialized MultithreadedTaskDispatcher with 12 workers.
 -> (artifact id: '2dd898293c5dc16615e04c4e5a9670e5') in 0.025403 seconds
Number of updated asset objects reloaded before import = 0Number of asset objects unloaded after import = 1

========================================================================
Received Import Request.
  Time since last request: 0.000029 seconds.
  path: Assets/immigration/material/desk/NO/New Material 4.mat
  artifactKey: Guid(8f27c0073d74dfa4db8ca22d21f63da4) Importer(2089858483,192608db42251d675da83286b1cce702)
Start importing Assets/immigration/material/desk/NO/New Material 4.mat using Guid(8f27c0073d74dfa4db8ca22d21f63da4) Importer(2089858483,192608db42251d675da83286b1cce702) (ScriptedImporter)[PhysX] Initialized MultithreadedTaskDispatcher with 12 workers.
 -> (artifact id: '52a3f0236cd7606cbbbdd57e2fdb3eaf') in 0.0400529 seconds
Number of updated asset objects reloaded before import = 0Number of asset objects unloaded after import = 2

========================================================================
Received Import Request.
  Time since last request: 0.000046 seconds.
  path: Assets/Settings/URP-HighFidelity-Renderer.asset
  artifactKey: Guid(c40be3174f62c4acf8c1216858c64956) Importer(2089858483,3d70f49cd1c2eb9ae422958d1c652c6b)
Start importing Assets/Settings/URP-HighFidelity-Renderer.asset using Guid(c40be3174f62c4acf8c1216858c64956) Importer(2089858483,3d70f49cd1c2eb9ae422958d1c652c6b) (ScriptedImporter)[PhysX] Initialized MultithreadedTaskDispatcher with 12 workers.
 -> (artifact id: 'e154b18bd8dfc3a3dc2f899f76d47f23') in 0.0193209 seconds
Number of updated asset objects reloaded before import = 0Number of asset objects unloaded after import = 1

========================================================================
Received Import Request.
  Time since last request: 0.000029 seconds.
  path: Assets/immigration/material/screen/M_greenlight2.mat
  artifactKey: Guid(cc99f13f2f0e02849a5cc42961c3621c) Importer(2089858483,192608db42251d675da83286b1cce702)
Start importing Assets/immigration/material/screen/M_greenlight2.mat using Guid(cc99f13f2f0e02849a5cc42961c3621c) Importer(2089858483,192608db42251d675da83286b1cce702) (ScriptedImporter)[PhysX] Initialized MultithreadedTaskDispatcher with 12 workers.
 -> (artifact id: '954e7b02a372d385359ea7186e0343d9') in 0.0240668 seconds
Number of updated asset objects reloaded before import = 0Number of asset objects unloaded after import = 1

Editor requested this worker to shutdown with reason: Scaling down because of idle timeout
AssetImportWorker is now disconnected from the server
Process exiting
Exiting without the bug reporter. Application will terminate with return code 0